<?xml version="1.0" encoding="UTF-8"?>
<testng-results ignored="0" total="1" passed="1" failed="0" skipped="0">
  <reporter-output>
  </reporter-output>
  <suite started-at="2024-04-29T22:45:39 IST" name="Default suite" finished-at="2024-04-29T22:46:02 IST" duration-ms="23656">
    <groups>
      <group name="cucumber">
        <method signature="AbstractTestNGCucumberTests.runScenario(io.cucumber.testng.PickleWrapper,io.cucumber.testng.FeatureWrapper)[pri:0, instance:com.cucumweb.run.Executor@53045c6c]" name="runScenario" class="io.cucumber.testng.AbstractTestNGCucumberTests"/>
      </group> <!-- cucumber -->
    </groups>
    <test started-at="2024-04-29T22:45:39 IST" name="Default test" finished-at="2024-04-29T22:46:02 IST" duration-ms="23656">
      <class name="com.cucumweb.run.Executor">
        <test-method is-config="true" signature="setUpClass(org.testng.ITestContext)[pri:0, instance:com.cucumweb.run.Executor@53045c6c]" started-at="2024-04-29T22:45:39 IST" name="setUpClass" finished-at="2024-04-29T22:45:39 IST" duration-ms="556" status="PASS">
          <params>
            <param index="0">
              <value>
                <![CDATA[org.testng.TestRunner@5034f5dd]]>
              </value>
            </param>
          </params>
          <reporter-output>
          </reporter-output>
        </test-method> <!-- setUpClass -->
        <test-method signature="runScenario(io.cucumber.testng.PickleWrapper,io.cucumber.testng.FeatureWrapper)[pri:0, instance:com.cucumweb.run.Executor@53045c6c]" started-at="2024-04-29T22:45:39 IST" name="runScenario" description="Runs Cucumber Scenarios" data-provider="scenarios" finished-at="2024-04-29T22:46:00 IST" duration-ms="21337" status="PASS">
          <params>
            <param index="0">
              <value>
                <![CDATA["Find all the hyperlinks of the Footer links into a CSV file and report if any duplicate hyperlinks are present"]]>
              </value>
            </param>
            <param index="1">
              <value>
                <![CDATA["validate hyperlinks Feed"]]>
              </value>
            </param>
          </params>
          <reporter-output>
          </reporter-output>
        </test-method> <!-- runScenario -->
        <test-method is-config="true" signature="tearDownClass()[pri:0, instance:com.cucumweb.run.Executor@53045c6c]" started-at="2024-04-29T22:46:00 IST" name="tearDownClass" finished-at="2024-04-29T22:46:02 IST" duration-ms="1731" status="PASS">
          <reporter-output>
          </reporter-output>
        </test-method> <!-- tearDownClass -->
      </class> <!-- com.cucumweb.run.Executor -->
    </test> <!-- Default test -->
  </suite> <!-- Default suite -->
</testng-results>
